This is pdfTeX, Version 3.1415926-2.4-1.40.13 (TeX Live 2012/MacPorts 2012_5) (format=pdflatex 2012.12.1)  26 MAR 2013 10:35
entering extended mode
 restricted \write18 enabled.
 %&-line parsing enabled.
**hpc
(./hpc.tex
LaTeX2e <2011/06/27>
Babel <v3.8m> and hyphenation patterns for english, dumylang, nohyphenation, cz
ech, slovak, dutch, ukenglish, usenglishmax, basque, french, german-x-2012-05-3
0, ngerman-x-2012-05-30, german, ngerman, swissgerman, italian, polish, portugu
ese, spanish, catalan, galician, loaded.
(/opt/local/share/texmf-texlive-dist/tex/latex/beamer/beamer.cls
(/opt/local/share/texmf-texlive-dist/tex/latex/beamer/beamerbasercs.sty
Package: beamerbasercs 2012/06/01 (rcs-revision 352157baec3a)
)
Document Class: beamer 2011/09/12 development version 3.20 A class for typesett
ing presentations (rcs-revision 70f9d8411e54)
(/opt/local/share/texmf-texlive-dist/tex/latex/beamer/beamerbasemodes.sty
Package: beamerbasemodes 2012/04/15 (rcs-revision cc6557182d97)
\beamer@tempbox=\box26
\beamer@tempcount=\count79
\c@beamerpauses=\count80

(/opt/local/share/texmf-texlive-dist/tex/latex/beamer/beamerbasedecode.sty
Package: beamerbasedecode 2010/05/01 (rcs-revision efa082c6111d)
\beamer@slideinframe=\count81
\beamer@minimum=\count82
)
\beamer@commentbox=\box27
\beamer@modecount=\count83
)
(/opt/local/share/texmf-texlive-dist/tex/generic/oberdiek/ifpdf.sty
Package: ifpdf 2011/01/30 v2.3 Provides the ifpdf switch (HO)
Package ifpdf Info: pdfTeX in PDF mode is detected.
)
\headheight=\dimen102
\headdp=\dimen103
\footheight=\dimen104
\sidebarheight=\dimen105
\beamer@tempdim=\dimen106
\beamer@finalheight=\dimen107
\beamer@animht=\dimen108
\beamer@animdp=\dimen109
\beamer@animwd=\dimen110
\beamer@leftmargin=\dimen111
\beamer@rightmargin=\dimen112
\beamer@leftsidebar=\dimen113
\beamer@rightsidebar=\dimen114
\beamer@boxsize=\dimen115
\beamer@vboxoffset=\dimen116
\beamer@descdefault=\dimen117
\beamer@descriptionwidth=\dimen118
\beamer@lastskip=\skip41
\beamer@areabox=\box28
\beamer@animcurrent=\box29
\beamer@animshowbox=\box30
\beamer@sectionbox=\box31
\beamer@logobox=\box32
\beamer@linebox=\box33
\beamer@sectioncount=\count84
\beamer@subsubsectionmax=\count85
\beamer@subsectionmax=\count86
\beamer@sectionmax=\count87
\beamer@totalheads=\count88
\beamer@headcounter=\count89
\beamer@partstartpage=\count90
\beamer@sectionstartpage=\count91
\beamer@subsectionstartpage=\count92
\beamer@animationtempa=\count93
\beamer@animationtempb=\count94
\beamer@xpos=\count95
\beamer@ypos=\count96
\beamer@showpartnumber=\count97
\beamer@currentsubsection=\count98
\beamer@coveringdepth=\count99
\beamer@sectionadjust=\count100
\beamer@tocsectionnumber=\count101

(/opt/local/share/texmf-texlive-dist/tex/latex/beamer/beamerbaseoptions.sty
Package: beamerbaseoptions 2010/04/27 (rcs-revision 982469101dd6)

(/opt/local/share/texmf-texlive-dist/tex/latex/graphics/keyval.sty
Package: keyval 1999/03/16 v1.13 key=value parser (DPC)
\KV@toks@=\toks14
))
\beamer@paperwidth=\skip42
\beamer@paperheight=\skip43

(/opt/local/share/texmf-texlive-dist/tex/latex/geometry/geometry.sty
Package: geometry 2010/09/12 v5.6 Page Geometry

(/opt/local/share/texmf-texlive-dist/tex/generic/oberdiek/ifvtex.sty
Package: ifvtex 2010/03/01 v1.5 Detect VTeX and its facilities (HO)
Package ifvtex Info: VTeX not detected.
)
(/opt/local/share/texmf-texlive-dist/tex/generic/ifxetex/ifxetex.sty
Package: ifxetex 2010/09/12 v0.6 Provides ifxetex conditional
)
\Gm@cnth=\count102
\Gm@cntv=\count103
\c@Gm@tempcnt=\count104
\Gm@bindingoffset=\dimen119
\Gm@wd@mp=\dimen120
\Gm@odd@mp=\dimen121
\Gm@even@mp=\dimen122
\Gm@layoutwidth=\dimen123
\Gm@layoutheight=\dimen124
\Gm@layouthoffset=\dimen125
\Gm@layoutvoffset=\dimen126
\Gm@dimlist=\toks15
)
(/opt/local/share/texmf-texlive-dist/tex/latex/base/size11.clo
File: size11.clo 2007/10/19 v1.4h Standard LaTeX file (size option)
)
(/Users/eijkhout/Software/TeX/LaTeX/pgfcore.sty
(/opt/local/share/texmf-texlive-dist/tex/latex/graphics/graphicx.sty
Package: graphicx 1999/02/16 v1.0f Enhanced LaTeX Graphics (DPC,SPQR)

(/opt/local/share/texmf-texlive-dist/tex/latex/graphics/graphics.sty
Package: graphics 2009/02/05 v1.0o Standard LaTeX Graphics (DPC,SPQR)

(/opt/local/share/texmf-texlive-dist/tex/latex/graphics/trig.sty
Package: trig 1999/03/16 v1.09 sin cos tan (DPC)
)
(/opt/local/share/texmf-texlive-dist/tex/latex/latexconfig/graphics.cfg
File: graphics.cfg 2010/04/23 v1.9 graphics configuration of TeX Live
)
Package graphics Info: Driver file: pdftex.def on input line 91.

(/opt/local/share/texmf-texlive-dist/tex/latex/pdftex-def/pdftex.def
File: pdftex.def 2011/05/27 v0.06d Graphics/color for pdfTeX

(/opt/local/share/texmf-texlive-dist/tex/generic/oberdiek/infwarerr.sty
Package: infwarerr 2010/04/08 v1.3 Providing info/warning/error messages (HO)
)
(/opt/local/share/texmf-texlive-dist/tex/generic/oberdiek/ltxcmds.sty
Package: ltxcmds 2011/11/09 v1.22 LaTeX kernel commands for general use (HO)
)
\Gread@gobject=\count105
))
\Gin@req@height=\dimen127
\Gin@req@width=\dimen128
)
(/opt/local/share/texmf/tex/latex/pgf/systemlayer/pgfsys.sty
(/opt/local/share/texmf/tex/latex/pgf/utilities/pgfrcs.sty
(/opt/local/share/texmf/tex/generic/pgf/utilities/pgfutil-common.tex
\pgfutil@everybye=\toks16
)
(/opt/local/share/texmf/tex/generic/pgf/utilities/pgfutil-latex.def
\pgfutil@abb=\box34

(/opt/local/share/texmf-texlive-dist/tex/latex/ms/everyshi.sty
Package: everyshi 2001/05/15 v3.00 EveryShipout Package (MS)
))
(/opt/local/share/texmf/tex/generic/pgf/utilities/pgfrcs.code.tex
Package: pgfrcs 2010/10/25 v2.10 (rcs-revision 1.24)
))
(/opt/local/share/texmf/tex/generic/pgf/systemlayer/pgfsys.code.tex
Package: pgfsys 2010/06/30 v2.10 (rcs-revision 1.37)

(/opt/local/share/texmf/tex/generic/pgf/utilities/pgfkeys.code.tex
\pgfkeys@pathtoks=\toks17
\pgfkeys@temptoks=\toks18

(/opt/local/share/texmf/tex/generic/pgf/utilities/pgfkeysfiltered.code.tex
\pgfkeys@tmptoks=\toks19
))
\pgf@x=\dimen129
\pgf@y=\dimen130
\pgf@xa=\dimen131
\pgf@ya=\dimen132
\pgf@xb=\dimen133
\pgf@yb=\dimen134
\pgf@xc=\dimen135
\pgf@yc=\dimen136
\w@pgf@writea=\write3
\r@pgf@reada=\read1
\c@pgf@counta=\count106
\c@pgf@countb=\count107
\c@pgf@countc=\count108
\c@pgf@countd=\count109

(/opt/local/share/texmf/tex/generic/pgf/systemlayer/pgf.cfg
File: pgf.cfg 2008/05/14  (rcs-revision 1.7)
)
Package pgfsys Info: Driver file for pgf: pgfsys-pdftex.def on input line 900.

(/opt/local/share/texmf/tex/generic/pgf/systemlayer/pgfsys-pdftex.def
File: pgfsys-pdftex.def 2009/05/22  (rcs-revision 1.26)

(/opt/local/share/texmf/tex/generic/pgf/systemlayer/pgfsys-common-pdf.def
File: pgfsys-common-pdf.def 2008/05/19  (rcs-revision 1.10)
)))
(/opt/local/share/texmf/tex/generic/pgf/systemlayer/pgfsyssoftpath.code.tex
File: pgfsyssoftpath.code.tex 2008/07/18  (rcs-revision 1.7)
\pgfsyssoftpath@smallbuffer@items=\count110
\pgfsyssoftpath@bigbuffer@items=\count111
)
(/opt/local/share/texmf/tex/generic/pgf/systemlayer/pgfsysprotocol.code.tex
File: pgfsysprotocol.code.tex 2006/10/16  (rcs-revision 1.4)
))
(/opt/local/share/texmf-texlive-dist/tex/latex/xcolor/xcolor.sty
Package: xcolor 2007/01/21 v2.11 LaTeX color extensions (UK)

(/opt/local/share/texmf-texlive-dist/tex/latex/latexconfig/color.cfg
File: color.cfg 2007/01/18 v1.5 color configuration of teTeX/TeXLive
)
Package xcolor Info: Driver file: pdftex.def on input line 225.
Package xcolor Info: Model `cmy' substituted by `cmy0' on input line 1337.
Package xcolor Info: Model `hsb' substituted by `rgb' on input line 1341.
Package xcolor Info: Model `RGB' extended on input line 1353.
Package xcolor Info: Model `HTML' substituted by `rgb' on input line 1355.
Package xcolor Info: Model `Hsb' substituted by `hsb' on input line 1356.
Package xcolor Info: Model `tHsb' substituted by `hsb' on input line 1357.
Package xcolor Info: Model `HSB' substituted by `hsb' on input line 1358.
Package xcolor Info: Model `Gray' substituted by `gray' on input line 1359.
Package xcolor Info: Model `wave' substituted by `hsb' on input line 1360.
)
(/opt/local/share/texmf/tex/generic/pgf/basiclayer/pgfcore.code.tex
Package: pgfcore 2010/04/11 v2.10 (rcs-revision 1.7)

(/opt/local/share/texmf/tex/generic/pgf/math/pgfmath.code.tex
(/opt/local/share/texmf/tex/generic/pgf/math/pgfmathcalc.code.tex
(/opt/local/share/texmf/tex/generic/pgf/math/pgfmathutil.code.tex)
(/opt/local/share/texmf/tex/generic/pgf/math/pgfmathparser.code.tex
\pgfmath@dimen=\dimen137
\pgfmath@count=\count112
\pgfmath@box=\box35
\pgfmath@toks=\toks20
\pgfmath@stack@operand=\toks21
\pgfmath@stack@operation=\toks22
)
(/opt/local/share/texmf/tex/generic/pgf/math/pgfmathfunctions.code.tex
(/opt/local/share/texmf/tex/generic/pgf/math/pgfmathfunctions.basic.code.tex)
(/opt/local/share/texmf/tex/generic/pgf/math/pgfmathfunctions.trigonometric.cod
e.tex)
(/opt/local/share/texmf/tex/generic/pgf/math/pgfmathfunctions.random.code.tex)
(/opt/local/share/texmf/tex/generic/pgf/math/pgfmathfunctions.comparison.code.t
ex) (/opt/local/share/texmf/tex/generic/pgf/math/pgfmathfunctions.base.code.tex
) (/opt/local/share/texmf/tex/generic/pgf/math/pgfmathfunctions.round.code.tex)
(/opt/local/share/texmf/tex/generic/pgf/math/pgfmathfunctions.misc.code.tex)))
(/opt/local/share/texmf/tex/generic/pgf/math/pgfmathfloat.code.tex
\c@pgfmathroundto@lastzeros=\count113
))
(/opt/local/share/texmf/tex/generic/pgf/basiclayer/pgfcorepoints.code.tex
File: pgfcorepoints.code.tex 2010/04/09  (rcs-revision 1.20)
\pgf@picminx=\dimen138
\pgf@picmaxx=\dimen139
\pgf@picminy=\dimen140
\pgf@picmaxy=\dimen141
\pgf@pathminx=\dimen142
\pgf@pathmaxx=\dimen143
\pgf@pathminy=\dimen144
\pgf@pathmaxy=\dimen145
\pgf@xx=\dimen146
\pgf@xy=\dimen147
\pgf@yx=\dimen148
\pgf@yy=\dimen149
\pgf@zx=\dimen150
\pgf@zy=\dimen151
)
(/opt/local/share/texmf/tex/generic/pgf/basiclayer/pgfcorepathconstruct.code.te
x
File: pgfcorepathconstruct.code.tex 2010/08/03  (rcs-revision 1.24)
\pgf@path@lastx=\dimen152
\pgf@path@lasty=\dimen153
) (/opt/local/share/texmf/tex/generic/pgf/basiclayer/pgfcorepathusage.code.tex
File: pgfcorepathusage.code.tex 2008/04/22  (rcs-revision 1.12)
\pgf@shorten@end@additional=\dimen154
\pgf@shorten@start@additional=\dimen155
) (/opt/local/share/texmf/tex/generic/pgf/basiclayer/pgfcorescopes.code.tex
File: pgfcorescopes.code.tex 2010/09/08  (rcs-revision 1.34)
\pgfpic=\box36
\pgf@hbox=\box37
\pgf@layerbox@main=\box38
\pgf@picture@serial@count=\count114
)
(/opt/local/share/texmf/tex/generic/pgf/basiclayer/pgfcoregraphicstate.code.tex
File: pgfcoregraphicstate.code.tex 2008/04/22  (rcs-revision 1.9)
\pgflinewidth=\dimen156
)
(/opt/local/share/texmf/tex/generic/pgf/basiclayer/pgfcoretransformations.code.
tex
File: pgfcoretransformations.code.tex 2009/06/10  (rcs-revision 1.11)
\pgf@pt@x=\dimen157
\pgf@pt@y=\dimen158
\pgf@pt@temp=\dimen159
) (/opt/local/share/texmf/tex/generic/pgf/basiclayer/pgfcorequick.code.tex
File: pgfcorequick.code.tex 2008/10/09  (rcs-revision 1.3)
)
(/opt/local/share/texmf/tex/generic/pgf/basiclayer/pgfcoreobjects.code.tex
File: pgfcoreobjects.code.tex 2006/10/11  (rcs-revision 1.2)
)
(/opt/local/share/texmf/tex/generic/pgf/basiclayer/pgfcorepathprocessing.code.t
ex
File: pgfcorepathprocessing.code.tex 2008/10/09  (rcs-revision 1.8)
) (/opt/local/share/texmf/tex/generic/pgf/basiclayer/pgfcorearrows.code.tex
File: pgfcorearrows.code.tex 2008/04/23  (rcs-revision 1.11)
)
(/opt/local/share/texmf/tex/generic/pgf/basiclayer/pgfcoreshade.code.tex
File: pgfcoreshade.code.tex 2008/11/23  (rcs-revision 1.13)
\pgf@max=\dimen160
\pgf@sys@shading@range@num=\count115
)
(/opt/local/share/texmf/tex/generic/pgf/basiclayer/pgfcoreimage.code.tex
File: pgfcoreimage.code.tex 2010/03/25  (rcs-revision 1.16)

(/opt/local/share/texmf/tex/generic/pgf/basiclayer/pgfcoreexternal.code.tex
File: pgfcoreexternal.code.tex 2010/09/01  (rcs-revision 1.17)
\pgfexternal@startupbox=\box39
))
(/opt/local/share/texmf/tex/generic/pgf/basiclayer/pgfcorelayers.code.tex
File: pgfcorelayers.code.tex 2010/08/27  (rcs-revision 1.2)
)
(/opt/local/share/texmf/tex/generic/pgf/basiclayer/pgfcoretransparency.code.tex
File: pgfcoretransparency.code.tex 2008/01/17  (rcs-revision 1.2)
) (/opt/local/share/texmf/tex/generic/pgf/basiclayer/pgfcorepatterns.code.tex
File: pgfcorepatterns.code.tex 2009/07/02  (rcs-revision 1.3)
))) (/opt/local/share/texmf/tex/latex/pgf/utilities/xxcolor.sty
Package: xxcolor 2003/10/24 ver 0.1
\XC@nummixins=\count116
\XC@countmixins=\count117
)
(/opt/local/share/texmf-texlive-dist/tex/latex/hyperref/hyperref.sty
Package: hyperref 2012/05/13 v6.82q Hypertext links for LaTeX

(/opt/local/share/texmf-texlive-dist/tex/generic/oberdiek/hobsub-hyperref.sty
Package: hobsub-hyperref 2012/05/28 v1.13 Bundle oberdiek, subset hyperref (HO)


(/opt/local/share/texmf-texlive-dist/tex/generic/oberdiek/hobsub-generic.sty
Package: hobsub-generic 2012/05/28 v1.13 Bundle oberdiek, subset generic (HO)
Package: hobsub 2012/05/28 v1.13 Construct package bundles (HO)
Package hobsub Info: Skipping package `infwarerr' (already loaded).
Package hobsub Info: Skipping package `ltxcmds' (already loaded).
Package: ifluatex 2010/03/01 v1.3 Provides the ifluatex switch (HO)
Package ifluatex Info: LuaTeX not detected.
Package hobsub Info: Skipping package `ifvtex' (already loaded).
Package: intcalc 2007/09/27 v1.1 Expandable calculations with integers (HO)
Package hobsub Info: Skipping package `ifpdf' (already loaded).
Package: etexcmds 2011/02/16 v1.5 Avoid name clashes with e-TeX commands (HO)
Package etexcmds Info: Could not find \expanded.
(etexcmds)             That can mean that you are not using pdfTeX 1.50 or
(etexcmds)             that some package has redefined \expanded.
(etexcmds)             In the latter case, load this package earlier.
Package: kvsetkeys 2012/04/25 v1.16 Key value parser (HO)
Package: kvdefinekeys 2011/04/07 v1.3 Define keys (HO)
Package: pdftexcmds 2011/11/29 v0.20 Utility functions of pdfTeX for LuaTeX (HO
)
Package pdftexcmds Info: LuaTeX not detected.
Package pdftexcmds Info: \pdf@primitive is available.
Package pdftexcmds Info: \pdf@ifprimitive is available.
Package pdftexcmds Info: \pdfdraftmode found.
Package: pdfescape 2011/11/25 v1.13 Implements pdfTeX's escape features (HO)
Package: bigintcalc 2012/04/08 v1.3 Expandable calculations on big integers (HO
)
Package: bitset 2011/01/30 v1.1 Handle bit-vector datatype (HO)
Package: uniquecounter 2011/01/30 v1.2 Provide unlimited unique counter (HO)
)
Package hobsub Info: Skipping package `hobsub' (already loaded).
Package: letltxmacro 2010/09/02 v1.4 Let assignment for LaTeX macros (HO)
Package: hopatch 2012/05/28 v1.2 Wrapper for package hooks (HO)
Package: xcolor-patch 2011/01/30 xcolor patch
Package: atveryend 2011/06/30 v1.8 Hooks at the very end of document (HO)
Package atveryend Info: \enddocument detected (standard20110627).
Package: atbegshi 2011/10/05 v1.16 At begin shipout hook (HO)
Package: refcount 2011/10/16 v3.4 Data extraction from label references (HO)
Package: hycolor 2011/01/30 v1.7 Color options for hyperref/bookmark (HO)
)
(/opt/local/share/texmf-texlive-dist/tex/latex/oberdiek/kvoptions.sty
Package: kvoptions 2011/06/30 v3.11 Key value format for package options (HO)
)
\@linkdim=\dimen161
\Hy@linkcounter=\count118
\Hy@pagecounter=\count119

(/opt/local/share/texmf-texlive-dist/tex/latex/hyperref/pd1enc.def
File: pd1enc.def 2012/05/13 v6.82q Hyperref: PDFDocEncoding definition (HO)
)
\Hy@SavedSpaceFactor=\count120

(/opt/local/share/texmf-texlive-dist/tex/latex/latexconfig/hyperref.cfg
File: hyperref.cfg 2002/06/06 v1.2 hyperref configuration of TeXLive
)
Package hyperref Info: Option `bookmarks' set `true' on input line 3941.
Package hyperref Info: Option `bookmarksopen' set `true' on input line 3941.
Package hyperref Info: Option `implicit' set `false' on input line 3941.
Package hyperref Info: Hyper figures OFF on input line 4062.
Package hyperref Info: Link nesting OFF on input line 4067.
Package hyperref Info: Hyper index ON on input line 4070.
Package hyperref Info: Plain pages OFF on input line 4077.
Package hyperref Info: Backreferencing OFF on input line 4082.
Package hyperref Info: Implicit mode OFF; no redefinition of LaTeX internals.
Package hyperref Info: Bookmarks ON on input line 4300.
\c@Hy@tempcnt=\count121

(/Users/eijkhout/Software/TeX/LaTeX/url.sty
\Urlmuskip=\muskip10
Package: url 2006/04/12  ver 3.3  Verb mode for urls, etc.
)
LaTeX Info: Redefining \url on input line 4653.
\Fld@menulength=\count122
\Field@Width=\dimen162
\Fld@charsize=\dimen163
Package hyperref Info: Hyper figures OFF on input line 5773.
Package hyperref Info: Link nesting OFF on input line 5778.
Package hyperref Info: Hyper index ON on input line 5781.
Package hyperref Info: backreferencing OFF on input line 5788.
Package hyperref Info: Link coloring OFF on input line 5793.
Package hyperref Info: Link coloring with OCG OFF on input line 5798.
Package hyperref Info: PDF/A mode OFF on input line 5803.
LaTeX Info: Redefining \ref on input line 5843.
LaTeX Info: Redefining \pageref on input line 5847.
\Hy@abspage=\count123


Package hyperref Message: Stopped early.

)

Package hyperref Message: Driver (autodetected): hpdftex.

(/opt/local/share/texmf-texlive-dist/tex/latex/hyperref/hpdftex.def
File: hpdftex.def 2012/05/13 v6.82q Hyperref driver for pdfTeX
\Fld@listcount=\count124
\c@bookmark@seq@number=\count125

(/opt/local/share/texmf-texlive-dist/tex/latex/oberdiek/rerunfilecheck.sty
Package: rerunfilecheck 2011/04/15 v1.7 Rerun checks for auxiliary files (HO)
Package uniquecounter Info: New unique counter `rerunfilecheck' on input line 2
82.
))
(/opt/local/share/texmf-texlive-dist/tex/latex/beamer/beamerbaserequires.sty
Package: beamerbaserequires 2010/05/01  (rcs-revision efa082c6111d)

(/opt/local/share/texmf-texlive-dist/tex/latex/beamer/beamerbasecompatibility.s
ty
Package: beamerbasecompatibility 2012/05/01  (rcs-revision 67c48b3b652d)
) (/opt/local/share/texmf-texlive-dist/tex/latex/beamer/beamerbasefont.sty
Package: beamerbasefont 2012/05/10  (rcs-revision a0b4f9f91ee9)

(/opt/local/share/texmf-texlive-dist/tex/latex/amsfonts/amssymb.sty
Package: amssymb 2009/06/22 v3.00

(/opt/local/share/texmf-texlive-dist/tex/latex/amsfonts/amsfonts.sty
Package: amsfonts 2009/06/22 v3.00 Basic AMSFonts support
\@emptytoks=\toks23
\symAMSa=\mathgroup4
\symAMSb=\mathgroup5
LaTeX Font Info:    Overwriting math alphabet `\mathfrak' in version `bold'
(Font)                  U/euf/m/n --> U/euf/b/n on input line 96.
)))
(/opt/local/share/texmf-texlive-dist/tex/latex/beamer/beamerbasetranslator.sty
Package: beamerbasetranslator 2010/06/11  (rcs-revision 85fd1cc7fc42)

(/opt/local/share/texmf-texlive-dist/tex/latex/beamer/translator/translator.sty
Package: translator 2010/06/12 ver 1.10

(/opt/local/share/texmf-texlive-dist/tex/latex/beamer/translator/translator-lan
guage-mappings.tex)))
(/opt/local/share/texmf-texlive-dist/tex/latex/beamer/beamerbasemisc.sty
Package: beamerbasemisc 2012/02/24  (rcs-revision 2ff5461be705)
)
(/opt/local/share/texmf-texlive-dist/tex/latex/beamer/beamerbasetwoscreens.sty
Package: beamerbasetwoscreens 2010/05/01  (rcs-revision efa082c6111d)
) (/opt/local/share/texmf-texlive-dist/tex/latex/beamer/beamerbaseoverlay.sty
Package: beamerbaseoverlay 2012/04/03  (rcs-revision 45744d9ae88b)
\beamer@argscount=\count126
\beamer@lastskipcover=\skip44
\beamer@trivlistdepth=\count127
)
(/opt/local/share/texmf-texlive-dist/tex/latex/beamer/beamerbasetitle.sty
Package: beamerbasetitle 2010/09/21  (rcs-revision f0446ed0b6ae)
)
(/opt/local/share/texmf-texlive-dist/tex/latex/beamer/beamerbasesection.sty
Package: beamerbasesection 2012/05/30  (rcs-revision 22ff49def670)
\c@lecture=\count128
\c@part=\count129
\c@section=\count130
\c@subsection=\count131
\c@subsubsection=\count132
)
(/opt/local/share/texmf-texlive-dist/tex/latex/beamer/beamerbaseframe.sty
Package: beamerbaseframe 2012/05/31  (rcs-revision 5fc3b3dbfeba)
\beamer@framebox=\box40
\beamer@frametitlebox=\box41
\beamer@zoombox=\box42
\beamer@zoomcount=\count133
\beamer@zoomframecount=\count134
\beamer@frametextheight=\dimen164
\c@subsectionslide=\count135
\beamer@frametopskip=\skip45
\beamer@framebottomskip=\skip46
\beamer@frametopskipautobreak=\skip47
\beamer@framebottomskipautobreak=\skip48
\beamer@envbody=\toks24
\c@framenumber=\count136
)
(/opt/local/share/texmf-texlive-dist/tex/latex/beamer/beamerbaseverbatim.sty
Package: beamerbaseverbatim 2011/09/12  (rcs-revision 70f9d8411e54)
\beamer@verbatimfileout=\write4
)
(/opt/local/share/texmf-texlive-dist/tex/latex/beamer/beamerbaseframesize.sty
Package: beamerbaseframesize 2011/09/12  (rcs-revision 70f9d8411e54)
\beamer@splitbox=\box43
\beamer@autobreakcount=\count137
\beamer@autobreaklastheight=\dimen165
\beamer@frametitletoks=\toks25
\beamer@framesubtitletoks=\toks26
)
(/opt/local/share/texmf-texlive-dist/tex/latex/beamer/beamerbaseframecomponents
.sty
Package: beamerbaseframecomponents 2012/03/07  (rcs-revision 9f094699ce15)
\beamer@footins=\box44
) (/opt/local/share/texmf-texlive-dist/tex/latex/beamer/beamerbasecolor.sty
Package: beamerbasecolor 2010/06/06  (rcs-revision d1a9b48be06d)
) (/opt/local/share/texmf-texlive-dist/tex/latex/beamer/beamerbasenotes.sty
Package: beamerbasenotes 2010/05/01  (rcs-revision efa082c6111d)
\beamer@frameboxcopy=\box45
)
(/opt/local/share/texmf-texlive-dist/tex/latex/beamer/beamerbasetoc.sty
Package: beamerbasetoc 2012/02/28  (rcs-revision 138681b92320)
)
(/opt/local/share/texmf-texlive-dist/tex/latex/beamer/beamerbasetemplates.sty
Package: beamerbasetemplates 2010/05/01  (rcs-revision efa082c6111d)
\beamer@sbttoks=\toks27

(/opt/local/share/texmf-texlive-dist/tex/latex/beamer/beamerbaseauxtemplates.st
y
Package: beamerbaseauxtemplates 2012/05/01  (rcs-revision 67c48b3b652d)
 (/opt/local/share/texmf-texlive-dist/tex/latex/beamer/beamerbaseboxes.sty
Package: beamerbaseboxes 2012/05/13  (rcs-revision 56972908a390)
\bmb@box=\box46
\bmb@colorbox=\box47
\bmb@boxshadow=\box48
\bmb@boxshadowball=\box49
\bmb@boxshadowballlarge=\box50
\bmb@temp=\dimen166
\bmb@dima=\dimen167
\bmb@dimb=\dimen168
\bmb@prevheight=\dimen169
)
\beamer@blockheadheight=\dimen170
))
(/opt/local/share/texmf-texlive-dist/tex/latex/beamer/beamerbaselocalstructure.
sty
Package: beamerbaselocalstructure 2012/05/25  (rcs-revision 5ff5e8ed7c0e)
 (/opt/local/share/texmf-texlive-dist/tex/latex/tools/enumerate.sty
Package: enumerate 1999/03/05 v3.00 enumerate extensions (DPC)
\@enLab=\toks28
)
\c@figure=\count138
\c@table=\count139
\abovecaptionskip=\skip49
\belowcaptionskip=\skip50
)
(/opt/local/share/texmf-texlive-dist/tex/latex/beamer/beamerbasenavigation.sty
Package: beamerbasenavigation 2012/04/03  (rcs-revision 42a0f21a412d)
\beamer@section@min@dim=\dimen171
) (/opt/local/share/texmf-texlive-dist/tex/latex/beamer/beamerbasetheorems.sty
Package: beamerbasetheorems 2010/06/06  (rcs-revision 7e7cc5e53e9d)

(/opt/local/share/texmf-texlive-dist/tex/latex/amsmath/amsmath.sty
Package: amsmath 2000/07/18 v2.13 AMS math features
\@mathmargin=\skip51

For additional information on amsmath, use the `?' option.
(/opt/local/share/texmf-texlive-dist/tex/latex/amsmath/amstext.sty
Package: amstext 2000/06/29 v2.01

(/opt/local/share/texmf-texlive-dist/tex/latex/amsmath/amsgen.sty
File: amsgen.sty 1999/11/30 v2.0
\@emptytoks=\toks29
\ex@=\dimen172
))
(/opt/local/share/texmf-texlive-dist/tex/latex/amsmath/amsbsy.sty
Package: amsbsy 1999/11/29 v1.2d
\pmbraise@=\dimen173
)
(/opt/local/share/texmf-texlive-dist/tex/latex/amsmath/amsopn.sty
Package: amsopn 1999/12/14 v2.01 operator names
)
\inf@bad=\count140
LaTeX Info: Redefining \frac on input line 211.
\uproot@=\count141
\leftroot@=\count142
LaTeX Info: Redefining \overline on input line 307.
\classnum@=\count143
\DOTSCASE@=\count144
LaTeX Info: Redefining \ldots on input line 379.
LaTeX Info: Redefining \dots on input line 382.
LaTeX Info: Redefining \cdots on input line 467.
\Mathstrutbox@=\box51
\strutbox@=\box52
\big@size=\dimen174
LaTeX Font Info:    Redeclaring font encoding OML on input line 567.
LaTeX Font Info:    Redeclaring font encoding OMS on input line 568.
\macc@depth=\count145
\c@MaxMatrixCols=\count146
\dotsspace@=\muskip11
\c@parentequation=\count147
\dspbrk@lvl=\count148
\tag@help=\toks30
\row@=\count149
\column@=\count150
\maxfields@=\count151
\andhelp@=\toks31
\eqnshift@=\dimen175
\alignsep@=\dimen176
\tagshift@=\dimen177
\tagwidth@=\dimen178
\totwidth@=\dimen179
\lineht@=\dimen180
\@envbody=\toks32
\multlinegap=\skip52
\multlinetaggap=\skip53
\mathdisplay@stack=\toks33
LaTeX Info: Redefining \[ on input line 2666.
LaTeX Info: Redefining \] on input line 2667.
)
(/opt/local/share/texmf-texlive-dist/tex/latex/amscls/amsthm.sty
Package: amsthm 2009/07/02 v2.20.1
\thm@style=\toks34
\thm@bodyfont=\toks35
\thm@headfont=\toks36
\thm@notefont=\toks37
\thm@headpunct=\toks38
\thm@preskip=\skip54
\thm@postskip=\skip55
\thm@headsep=\skip56
\dth@everypar=\toks39
)
\c@theorem=\count152
)
(/opt/local/share/texmf-texlive-dist/tex/latex/beamer/beamerbasethemes.sty
Package: beamerbasethemes 2010/05/01  (rcs-revision efa082c6111d)
))
(/opt/local/share/texmf-texlive-dist/tex/latex/beamer/themes/theme/beamerthemed
efault.sty
Package: beamerthemedefault 2010/06/17  (rcs-revision d02a7cf4d8ae)

(/opt/local/share/texmf-texlive-dist/tex/latex/beamer/themes/font/beamerfontthe
medefault.sty
Package: beamerfontthemedefault 2010/06/17  (rcs-revision d02a7cf4d8ae)
)
(/opt/local/share/texmf-texlive-dist/tex/latex/beamer/themes/color/beamercolort
hemedefault.sty
Package: beamercolorthemedefault 2010/06/17  (rcs-revision d02a7cf4d8ae)
)
(/opt/local/share/texmf-texlive-dist/tex/latex/beamer/themes/inner/beamerinnert
hemedefault.sty
Package: beamerinnerthemedefault 2012/05/01  (rcs-revision 67c48b3b652d)
\beamer@dima=\dimen181
\beamer@dimb=\dimen182
)
(/opt/local/share/texmf-texlive-dist/tex/latex/beamer/themes/outer/beameroutert
hemedefault.sty
Package: beamerouterthemedefault 2010/06/17  (rcs-revision d02a7cf4d8ae)
)))
(/Users/eijkhout/Software/TeX/LaTeX/taccslides/beamerthemeTACC.sty
(/Users/eijkhout/Software/TeX/LaTeX/taccslides/beamerfontthemeTACC.sty)
(/Users/eijkhout/Software/TeX/LaTeX/taccslides/beamercolorthemeTACC.sty)
(/Users/eijkhout/Software/TeX/LaTeX/taccslides/beamerinnerthemeTACC.sty)
(/Users/eijkhout/Software/TeX/LaTeX/taccslides/beamerouterthemeTACC.sty))
(/Users/eijkhout/Software/TeX/macros/comment.sty
\CommentStream=\write5
 Excluding comment 'comment')
(/opt/local/share/texmf-texlive-dist/tex/latex/tools/multicol.sty
Package: multicol 2011/06/27 v1.7a multicolumn formatting (FMi)
\c@tracingmulticols=\count153
\mult@box=\box53
\multicol@leftmargin=\dimen183
\c@unbalance=\count154
\c@collectmore=\count155
\doublecol@number=\count156
\multicoltolerance=\count157
\multicolpretolerance=\count158
\full@width=\dimen184
\page@free=\dimen185
\premulticols=\dimen186
\postmulticols=\dimen187
\multicolsep=\skip57
\multicolbaselineskip=\skip58
\partial@page=\box54
\last@line=\box55
\mult@rightbox=\box56
\mult@grightbox=\box57
\mult@gfirstbox=\box58
\mult@firstbox=\box59
\@tempa=\box60
\@tempa=\box61
\@tempa=\box62
\@tempa=\box63
\@tempa=\box64
\@tempa=\box65
\@tempa=\box66
\@tempa=\box67
\@tempa=\box68
\@tempa=\box69
\@tempa=\box70
\@tempa=\box71
\@tempa=\box72
\@tempa=\box73
\@tempa=\box74
\@tempa=\box75
\@tempa=\box76
\c@columnbadness=\count159
\c@finalcolumnbadness=\count160
\last@try=\dimen188
\multicolovershoot=\dimen189
\multicolundershoot=\dimen190
\mult@nat@firstbox=\box77
\colbreak@box=\box78
\multicol@sort@counter=\count161
)
(/Users/eijkhout/Software/TeX/LaTeX/undertilde.sty
Package: undertilde 2000/08/08 v1.0 Tilde under a math object
\knuthian@fdfive=\skip59
)
(/Users/eijkhout/Software/TeX/LaTeX/algorithm2e.sty
Package: algorithm2e 2008/00/00 v3.10 algorithms environments
\c@AlgoLine=\count162

(/opt/local/share/texmf-texlive-dist/tex/latex/base/ifthen.sty
Package: ifthen 2001/05/26 v1.1c Standard LaTeX ifthen package (DPC)
)
(/opt/local/share/texmf-texlive-dist/tex/latex/tools/xspace.sty
Package: xspace 2009/10/20 v1.13 Space after command names (DPC,MH)
)
(/Users/eijkhout/Software/TeX/LaTeX/relsize.sty
Package: relsize 2003/07/04 ver 3.1
)
********************************************************
Package `algorithm2e' Release 4.01 -- december 14 2009 --
- algorithm2e-announce@lirmm.fr mailing list for announcement about releases
- algorithm2e-discussion@lirmm.fr mailing list for discussion about package
subscribe by emailing sympa@lirmm.fr with 'subscribe <list> <firstname name>'
- Author: Christophe Fiorio (fiorio@lirmm.fr)
********************************************************
\skiptotal=\skip60
\skiplinenumber=\skip61
\skiprule=\skip62
\skiphlne=\skip63
\skiptext=\skip64
\skiplength=\skip65
\algomargin=\skip66
\skipalgocfslide=\skip67
\algowidth=\dimen191
\inoutsize=\dimen192
\inoutline=\dimen193
\interspacetitleruled=\dimen194
\interspacealgoruled=\dimen195
\interspacetitleboxruled=\dimen196
\algocf@inoutbox=\box79
\algocf@inputbox=\box80
\AlCapSkip=\skip68
\AlCapHSkip=\skip69
\algocf@nlbox=\box81
\algocf@hangingbox=\box82
\algocf@capbox=\box83
\algoheightruledefault=\skip70
\algoheightrule=\skip71
\algotitleheightruledefault=\skip72
\algotitleheightrule=\skip73
\c@algocfline=\count163
\c@algocfproc=\count164
\c@algocf=\count165
\algocf@algoframe=\box84
\algocf@algobox=\box85
) (/Users/eijkhout/Software/TeX/LaTeX/arydshln.sty
Package: arydshln 2004/08/31 v1.71 
\dashlinedash=\dimen197
\dashlinegap=\dimen198
\adl@box=\box86
\adl@height=\dimen199
\adl@heightsave=\dimen200
\adl@depth=\dimen201
\adl@depthsave=\dimen202
\adl@finaldepth=\dimen203
\adl@columns=\count166
\adl@ncol=\count167
\adl@currentcolumn=\count168
\adl@currentcolumnsave=\count169
\adl@totalheight=\count170
\adl@totalheightsave=\count171
\adl@dash=\count172
\adl@gap=\count173
\adl@cla=\count174
\adl@clb=\count175
\adl@everyvbox=\toks40
\adl@LTpagetotal=\dimen204
) (./hpc.aux)
\openout1 = `hpc.aux'.

LaTeX Font Info:    Checking defaults for OML/cmm/m/it on input line 36.
LaTeX Font Info:    ... okay on input line 36.
LaTeX Font Info:    Checking defaults for T1/cmr/m/n on input line 36.
LaTeX Font Info:    ... okay on input line 36.
LaTeX Font Info:    Checking defaults for OT1/cmr/m/n on input line 36.
LaTeX Font Info:    ... okay on input line 36.
LaTeX Font Info:    Checking defaults for OMS/cmsy/m/n on input line 36.
LaTeX Font Info:    ... okay on input line 36.
LaTeX Font Info:    Checking defaults for OMX/cmex/m/n on input line 36.
LaTeX Font Info:    ... okay on input line 36.
LaTeX Font Info:    Checking defaults for U/cmr/m/n on input line 36.
LaTeX Font Info:    ... okay on input line 36.
LaTeX Font Info:    Checking defaults for PD1/pdf/m/n on input line 36.
LaTeX Font Info:    ... okay on input line 36.

*geometry* driver: auto-detecting
*geometry* detected driver: pdftex
*geometry* verbose mode - [ preamble ] result:
* driver: pdftex
* paper: custom
* layout: <same size as paper>
* layoutoffset:(h,v)=(0.0pt,0.0pt)
* modes: includehead includefoot 
* h-part:(L,W,R)=(28.45274pt, 307.28987pt, 28.45274pt)
* v-part:(T,H,B)=(0.0pt, 273.14662pt, 0.0pt)
* \paperwidth=364.19536pt
* \paperheight=273.14662pt
* \textwidth=307.28987pt
* \textheight=244.6939pt
* \oddsidemargin=-43.81725pt
* \evensidemargin=-43.81725pt
* \topmargin=-72.26999pt
* \headheight=14.22636pt
* \headsep=0.0pt
* \topskip=11.0pt
* \footskip=14.22636pt
* \marginparwidth=4.0pt
* \marginparsep=10.0pt
* \columnsep=10.0pt
* \skip\footins=10.0pt plus 4.0pt minus 2.0pt
* \hoffset=0.0pt
* \voffset=0.0pt
* \mag=1000
* \@twocolumnfalse
* \@twosidefalse
* \@mparswitchfalse
* \@reversemarginfalse
* (1in=72.27pt=25.4mm, 1cm=28.453pt)

(/opt/local/share/texmf-texlive-dist/tex/context/base/supp-pdf.mkii
[Loading MPS to PDF converter (version 2006.09.02).]
\scratchcounter=\count176
\scratchdimen=\dimen205
\scratchbox=\box87
\nofMPsegments=\count177
\nofMParguments=\count178
\everyMPshowfont=\toks41
\MPscratchCnt=\count179
\MPscratchDim=\dimen206
\MPnumerator=\count180
\makeMPintoPDFobject=\count181
\everyMPtoPDFconversion=\toks42
) (/opt/local/share/texmf-texlive-dist/tex/latex/oberdiek/epstopdf-base.sty
Package: epstopdf-base 2010/02/09 v2.5 Base part for package epstopdf

(/opt/local/share/texmf-texlive-dist/tex/latex/oberdiek/grfext.sty
Package: grfext 2010/08/19 v1.1 Manage graphics extensions (HO)
)
Package grfext Info: Graphics extension search list:
(grfext)             [.png,.pdf,.jpg,.mps,.jpeg,.jbig2,.jb2,.PNG,.PDF,.JPG,.JPE
G,.JBIG2,.JB2,.eps]
(grfext)             \AppendGraphicsExtensions on input line 452.

(/opt/local/share/texmf-texlive-dist/tex/latex/latexconfig/epstopdf-sys.cfg
File: epstopdf-sys.cfg 2010/07/13 v1.3 Configuration of (r)epstopdf for TeX Liv
e
))
ABD: EveryShipout initializing macros
\AtBeginShipoutBox=\box88
Package hyperref Info: Link coloring OFF on input line 36.

(/opt/local/share/texmf-texlive-dist/tex/latex/hyperref/nameref.sty
Package: nameref 2010/04/30 v2.40 Cross-referencing by name of section

(/opt/local/share/texmf-texlive-dist/tex/generic/oberdiek/gettitlestring.sty
Package: gettitlestring 2010/12/03 v1.4 Cleanup title references (HO)
)
\c@section@level=\count182
)
LaTeX Info: Redefining \ref on input line 36.
LaTeX Info: Redefining \pageref on input line 36.
LaTeX Info: Redefining \nameref on input line 36.

(./hpc.out) (./hpc.out)
\@outlinefile=\write6
\openout6 = `hpc.out'.

LaTeX Font Info:    Overwriting symbol font `operators' in version `normal'
(Font)                  OT1/cmr/m/n --> OT1/cmss/m/n on input line 36.
LaTeX Font Info:    Overwriting symbol font `operators' in version `bold'
(Font)                  OT1/cmr/bx/n --> OT1/cmss/bx/n on input line 36.
\symnumbers=\mathgroup6
\sympureletters=\mathgroup7
LaTeX Font Info:    Overwriting math alphabet `\mathrm' in version `normal'
(Font)                  OT1/cmss/m/n --> OT1/cmr/m/n on input line 36.
LaTeX Font Info:    Redeclaring math alphabet \mathbf on input line 36.
LaTeX Font Info:    Overwriting math alphabet `\mathbf' in version `normal'
(Font)                  OT1/cmr/bx/n --> OT1/cmss/bx/n on input line 36.
LaTeX Font Info:    Overwriting math alphabet `\mathbf' in version `bold'
(Font)                  OT1/cmr/bx/n --> OT1/cmss/bx/n on input line 36.
LaTeX Font Info:    Redeclaring math alphabet \mathsf on input line 36.
LaTeX Font Info:    Overwriting math alphabet `\mathsf' in version `normal'
(Font)                  OT1/cmss/m/n --> OT1/cmss/m/n on input line 36.
LaTeX Font Info:    Overwriting math alphabet `\mathsf' in version `bold'
(Font)                  OT1/cmss/bx/n --> OT1/cmss/m/n on input line 36.
LaTeX Font Info:    Redeclaring math alphabet \mathit on input line 36.
LaTeX Font Info:    Overwriting math alphabet `\mathit' in version `normal'
(Font)                  OT1/cmr/m/it --> OT1/cmss/m/it on input line 36.
LaTeX Font Info:    Overwriting math alphabet `\mathit' in version `bold'
(Font)                  OT1/cmr/bx/it --> OT1/cmss/m/it on input line 36.
LaTeX Font Info:    Redeclaring math alphabet \mathtt on input line 36.
LaTeX Font Info:    Overwriting math alphabet `\mathtt' in version `normal'
(Font)                  OT1/cmtt/m/n --> OT1/cmtt/m/n on input line 36.
LaTeX Font Info:    Overwriting math alphabet `\mathtt' in version `bold'
(Font)                  OT1/cmtt/m/n --> OT1/cmtt/m/n on input line 36.
LaTeX Font Info:    Overwriting symbol font `numbers' in version `bold'
(Font)                  OT1/cmss/m/n --> OT1/cmss/bx/n on input line 36.
LaTeX Font Info:    Overwriting symbol font `pureletters' in version `bold'
(Font)                  OT1/cmss/m/it --> OT1/cmss/bx/it on input line 36.
LaTeX Font Info:    Overwriting math alphabet `\mathrm' in version `bold'
(Font)                  OT1/cmss/bx/n --> OT1/cmr/bx/n on input line 36.
LaTeX Font Info:    Overwriting math alphabet `\mathbf' in version `bold'
(Font)                  OT1/cmss/bx/n --> OT1/cmss/bx/n on input line 36.
LaTeX Font Info:    Overwriting math alphabet `\mathsf' in version `bold'
(Font)                  OT1/cmss/m/n --> OT1/cmss/bx/n on input line 36.
LaTeX Font Info:    Overwriting math alphabet `\mathit' in version `bold'
(Font)                  OT1/cmss/m/it --> OT1/cmss/bx/it on input line 36.
LaTeX Font Info:    Overwriting math alphabet `\mathtt' in version `bold'
(Font)                  OT1/cmtt/m/n --> OT1/cmtt/bx/n on input line 36.

(/opt/local/share/texmf-texlive-dist/tex/latex/beamer/translator/dicts/translat
or-basic-dictionary/translator-basic-dictionary-English.dict
Dictionary: translator-basic-dictionary, Language: English 
)
(/opt/local/share/texmf-texlive-dist/tex/latex/beamer/translator/dicts/translat
or-bibliography-dictionary/translator-bibliography-dictionary-English.dict
Dictionary: translator-bibliography-dictionary, Language: English 
)
(/opt/local/share/texmf-texlive-dist/tex/latex/beamer/translator/dicts/translat
or-environment-dictionary/translator-environment-dictionary-English.dict
Dictionary: translator-environment-dictionary, Language: English 
)
(/opt/local/share/texmf-texlive-dist/tex/latex/beamer/translator/dicts/translat
or-months-dictionary/translator-months-dictionary-English.dict
Dictionary: translator-months-dictionary, Language: English 
)
(/opt/local/share/texmf-texlive-dist/tex/latex/beamer/translator/dicts/translat
or-numbers-dictionary/translator-numbers-dictionary-English.dict
Dictionary: translator-numbers-dictionary, Language: English 
)
(/opt/local/share/texmf-texlive-dist/tex/latex/beamer/translator/dicts/translat
or-theorem-dictionary/translator-theorem-dictionary-English.dict
Dictionary: translator-theorem-dictionary, Language: English 
)
LaTeX Info: Redefining \includegraphics on input line 36.
 (./hpc.nav)
<newTACClogo_whitestroke_cropped.pdf, id=33, 284.06125pt x 73.27374pt>
File: newTACClogo_whitestroke_cropped.pdf Graphic file (type pdf)

<use newTACClogo_whitestroke_cropped.pdf>
Package pdftex.def Info: newTACClogo_whitestroke_cropped.pdf used on input line
 36.
(pdftex.def)             Requested size: 52.16473pt x 13.45636pt.
LaTeX Font Info:    Try loading font information for U+msa on input line 36.

(/opt/local/share/texmf-texlive-dist/tex/latex/amsfonts/umsa.fd
File: umsa.fd 2009/06/22 v3.00 AMS symbols A
)
LaTeX Font Info:    Try loading font information for U+msb on input line 36.

(/opt/local/share/texmf-texlive-dist/tex/latex/amsfonts/umsb.fd
File: umsb.fd 2009/06/22 v3.00 AMS symbols B
)
<ut_tacc.png, id=34, 356.0502pt x 38.0622pt>
File: ut_tacc.png Graphic file (type png)
 <use ut_tacc.png>
Package pdftex.def Info: ut_tacc.png used on input line 36.
(pdftex.def)             Requested size: 148.79031pt x 15.90569pt.


Package hyperref Warning: Option `pdfauthor' has already been used,
(hyperref)                setting the option has no effect on input line 38.


LaTeX Font Warning: Font shape `OT1/cmss/m/n' in size <4> not available
(Font)              size <5> substituted on input line 40.

File: newTACClogo_whitestroke_cropped.pdf Graphic file (type pdf)
<use newTACClogo_whitestroke_cropped.pdf>
Package pdftex.def Info: newTACClogo_whitestroke_cropped.pdf used on input line
 40.
(pdftex.def)             Requested size: 51.52324pt x 13.29103pt.
File: ut_tacc.png Graphic file (type png)
 <use ut_tacc.png>
Package pdftex.def Info: ut_tacc.png used on input line 40.
(pdftex.def)             Requested size: 146.95944pt x 15.71027pt.
 [1

{/opt/local/var/db/texmf/fonts/map/pdftex/updmap/pdftex.map} </Users/eijkhout/S
oftware/TeX/LaTeX/taccslides/newTACClogo_whitestroke_cropped.pdf> </Users/eijkh
out/Software/TeX/LaTeX/taccslides/ut_tacc.png>]
File: newTACClogo_whitestroke_cropped.pdf Graphic file (type pdf)
 <use newTACClogo_whitestroke_cropped.pdf>
Package pdftex.def Info: newTACClogo_whitestroke_cropped.pdf used on input line
 49.
(pdftex.def)             Requested size: 51.52324pt x 13.29103pt.

[2

]
File: newTACClogo_whitestroke_cropped.pdf Graphic file (type pdf)
 <use newTACClogo_whitestroke_cropped.pdf>
Package pdftex.def Info: newTACClogo_whitestroke_cropped.pdf used on input line
 51.
(pdftex.def)             Requested size: 51.52324pt x 13.29103pt.
 [3

]
File: newTACClogo_whitestroke_cropped.pdf Graphic file (type pdf)

<use newTACClogo_whitestroke_cropped.pdf>
Package pdftex.def Info: newTACClogo_whitestroke_cropped.pdf used on input line
 66.
(pdftex.def)             Requested size: 51.52324pt x 13.29103pt.
 [4

]
File: newTACClogo_whitestroke_cropped.pdf Graphic file (type pdf)

<use newTACClogo_whitestroke_cropped.pdf>
Package pdftex.def Info: newTACClogo_whitestroke_cropped.pdf used on input line
 82.
(pdftex.def)             Requested size: 51.52324pt x 13.29103pt.
 [5

]
Overfull \hbox (3.99098pt too wide) detected at line 94
[][][][]
 []

File: newTACClogo_whitestroke_cropped.pdf Graphic file (type pdf)
<use newTACClogo_whitestroke_cropped.pdf>
Package pdftex.def Info: newTACClogo_whitestroke_cropped.pdf used on input line
 94.
(pdftex.def)             Requested size: 51.52324pt x 13.29103pt.
 [6

]
File: newTACClogo_whitestroke_cropped.pdf Graphic file (type pdf)

<use newTACClogo_whitestroke_cropped.pdf>
Package pdftex.def Info: newTACClogo_whitestroke_cropped.pdf used on input line
 112.
(pdftex.def)             Requested size: 51.52324pt x 13.29103pt.
 [7

]
File: newTACClogo_whitestroke_cropped.pdf Graphic file (type pdf)

<use newTACClogo_whitestroke_cropped.pdf>
Package pdftex.def Info: newTACClogo_whitestroke_cropped.pdf used on input line
 135.
(pdftex.def)             Requested size: 51.52324pt x 13.29103pt.
 [8

]
LaTeX Font Info:    Try loading font information for OMS+cmss on input line 146
.
LaTeX Font Info:    No file OMScmss.fd. on input line 146.


LaTeX Font Warning: Font shape `OMS/cmss/m/n' undefined
(Font)              using `OMS/cmsy/m/n' instead
(Font)              for symbol `textbullet' on input line 146.

File: newTACClogo_whitestroke_cropped.pdf Graphic file (type pdf)
<use newTACClogo_whitestroke_cropped.pdf>
Package pdftex.def Info: newTACClogo_whitestroke_cropped.pdf used on input line
 146.
(pdftex.def)             Requested size: 51.52324pt x 13.29103pt.
 [9

]
File: newTACClogo_whitestroke_cropped.pdf Graphic file (type pdf)

<use newTACClogo_whitestroke_cropped.pdf>
Package pdftex.def Info: newTACClogo_whitestroke_cropped.pdf used on input line
 159.
(pdftex.def)             Requested size: 51.52324pt x 13.29103pt.
 [10

]
File: newTACClogo_whitestroke_cropped.pdf Graphic file (type pdf)

<use newTACClogo_whitestroke_cropped.pdf>
Package pdftex.def Info: newTACClogo_whitestroke_cropped.pdf used on input line
 175.
(pdftex.def)             Requested size: 51.52324pt x 13.29103pt.
 [11

]
File: newTACClogo_whitestroke_cropped.pdf Graphic file (type pdf)

<use newTACClogo_whitestroke_cropped.pdf>
Package pdftex.def Info: newTACClogo_whitestroke_cropped.pdf used on input line
 184.
(pdftex.def)             Requested size: 51.52324pt x 13.29103pt.
 [12

]
File: newTACClogo_whitestroke_cropped.pdf Graphic file (type pdf)

<use newTACClogo_whitestroke_cropped.pdf>
Package pdftex.def Info: newTACClogo_whitestroke_cropped.pdf used on input line
 193.
(pdftex.def)             Requested size: 51.52324pt x 13.29103pt.
 [13

]
File: newTACClogo_whitestroke_cropped.pdf Graphic file (type pdf)

<use newTACClogo_whitestroke_cropped.pdf>
Package pdftex.def Info: newTACClogo_whitestroke_cropped.pdf used on input line
 200.
(pdftex.def)             Requested size: 51.52324pt x 13.29103pt.
 [14

]
File: newTACClogo_whitestroke_cropped.pdf Graphic file (type pdf)

<use newTACClogo_whitestroke_cropped.pdf>
Package pdftex.def Info: newTACClogo_whitestroke_cropped.pdf used on input line
 205.
(pdftex.def)             Requested size: 51.52324pt x 13.29103pt.
 [15

]
<graphics/laplacedomain.jpg, id=163, 2098.84125pt x 1803.73875pt>
File: graphics/laplacedomain.jpg Graphic file (type jpg)

<use graphics/laplacedomain.jpg>
Package pdftex.def Info: graphics/laplacedomain.jpg used on input line 215.
(pdftex.def)             Requested size: 146.9339pt x 126.27461pt.
File: newTACClogo_whitestroke_cropped.pdf Graphic file (type pdf)
 <use newTACClogo_whitestroke_cropped.pdf>
Package pdftex.def Info: newTACClogo_whitestroke_cropped.pdf used on input line
 215.
(pdftex.def)             Requested size: 51.52324pt x 13.29103pt.

[16

 <./graphics/laplacedomain.jpg>]
<graphics/matrix-graph.jpg, id=169, 2462.19875pt x 682.55pt>
File: graphics/matrix-graph.jpg Graphic file (type jpg)

<use graphics/matrix-graph.jpg>
Package pdftex.def Info: graphics/matrix-graph.jpg used on input line 219.
(pdftex.def)             Requested size: 295.4511pt x 81.90247pt.
File: newTACClogo_whitestroke_cropped.pdf Graphic file (type pdf)
 <use newTACClogo_whitestroke_cropped.pdf>
Package pdftex.def Info: newTACClogo_whitestroke_cropped.pdf used on input line
 219.
(pdftex.def)             Requested size: 51.52324pt x 13.29103pt.

[17

 <./graphics/matrix-graph.jpg>]
File: newTACClogo_whitestroke_cropped.pdf Graphic file (type pdf)
 <use newTACClogo_whitestroke_cropped.pdf>
Package pdftex.def Info: newTACClogo_whitestroke_cropped.pdf used on input line
 228.
(pdftex.def)             Requested size: 51.52324pt x 13.29103pt.

[18

]
Overfull \hbox (23.78886pt too wide) detected at line 247
[]
 []

File: newTACClogo_whitestroke_cropped.pdf Graphic file (type pdf)
<use newTACClogo_whitestroke_cropped.pdf>
Package pdftex.def Info: newTACClogo_whitestroke_cropped.pdf used on input line
 247.
(pdftex.def)             Requested size: 51.52324pt x 13.29103pt.
 [19

]
File: newTACClogo_whitestroke_cropped.pdf Graphic file (type pdf)

<use newTACClogo_whitestroke_cropped.pdf>
Package pdftex.def Info: newTACClogo_whitestroke_cropped.pdf used on input line
 260.
(pdftex.def)             Requested size: 51.52324pt x 13.29103pt.
 [20

]
<graphics/img206.jpg, id=192, 511.9125pt x 544.0325pt>
File: graphics/img206.jpg Graphic file (type jpg)

<use graphics/img206.jpg>
Package pdftex.def Info: graphics/img206.jpg used on input line 264.
(pdftex.def)             Requested size: 153.57494pt x 163.211pt.
File: newTACClogo_whitestroke_cropped.pdf Graphic file (type pdf)
 <use newTACClogo_whitestroke_cropped.pdf>
Package pdftex.def Info: newTACClogo_whitestroke_cropped.pdf used on input line
 264.
(pdftex.def)             Requested size: 51.52324pt x 13.29103pt.
 [21

 <./graphics/img206.jpg>]
File: newTACClogo_whitestroke_cropped.pdf Graphic file (type pdf)
 <use newTACClogo_whitestroke_cropped.pdf>
Package pdftex.def Info: newTACClogo_whitestroke_cropped.pdf used on input line
 266.
(pdftex.def)             Requested size: 51.52324pt x 13.29103pt.
 [22

]
(./iterative.tex
File: newTACClogo_whitestroke_cropped.pdf Graphic file (type pdf)
 <use newTACClogo_whitestroke_cropped.pdf>
Package pdftex.def Info: newTACClogo_whitestroke_cropped.pdf used on input line
 17.
(pdftex.def)             Requested size: 51.52324pt x 13.29103pt.
 [23

]
File: newTACClogo_whitestroke_cropped.pdf Graphic file (type pdf)

<use newTACClogo_whitestroke_cropped.pdf>
Package pdftex.def Info: newTACClogo_whitestroke_cropped.pdf used on input line
 24.
(pdftex.def)             Requested size: 51.52324pt x 13.29103pt.
 [24

]
File: newTACClogo_whitestroke_cropped.pdf Graphic file (type pdf)

<use newTACClogo_whitestroke_cropped.pdf>
Package pdftex.def Info: newTACClogo_whitestroke_cropped.pdf used on input line
 52.
(pdftex.def)             Requested size: 51.52324pt x 13.29103pt.
 [25

]
File: newTACClogo_whitestroke_cropped.pdf Graphic file (type pdf)

<use newTACClogo_whitestroke_cropped.pdf>
Package pdftex.def Info: newTACClogo_whitestroke_cropped.pdf used on input line
 78.
(pdftex.def)             Requested size: 51.52324pt x 13.29103pt.
 [26

]
File: newTACClogo_whitestroke_cropped.pdf Graphic file (type pdf)

<use newTACClogo_whitestroke_cropped.pdf>
Package pdftex.def Info: newTACClogo_whitestroke_cropped.pdf used on input line
 91.
(pdftex.def)             Requested size: 51.52324pt x 13.29103pt.
 [27

]
File: newTACClogo_whitestroke_cropped.pdf Graphic file (type pdf)

<use newTACClogo_whitestroke_cropped.pdf>
Package pdftex.def Info: newTACClogo_whitestroke_cropped.pdf used on input line
 107.
(pdftex.def)             Requested size: 51.52324pt x 13.29103pt.
 [28

]
File: newTACClogo_whitestroke_cropped.pdf Graphic file (type pdf)

<use newTACClogo_whitestroke_cropped.pdf>
Package pdftex.def Info: newTACClogo_whitestroke_cropped.pdf used on input line
 121.
(pdftex.def)             Requested size: 51.52324pt x 13.29103pt.
 [29

]
File: newTACClogo_whitestroke_cropped.pdf Graphic file (type pdf)

<use newTACClogo_whitestroke_cropped.pdf>
Package pdftex.def Info: newTACClogo_whitestroke_cropped.pdf used on input line
 144.
(pdftex.def)             Requested size: 51.52324pt x 13.29103pt.
 [30

]
File: newTACClogo_whitestroke_cropped.pdf Graphic file (type pdf)

<use newTACClogo_whitestroke_cropped.pdf>
Package pdftex.def Info: newTACClogo_whitestroke_cropped.pdf used on input line
 160.
(pdftex.def)             Requested size: 51.52324pt x 13.29103pt.
 [31

]
<graphics/projection.jpg, id=251, 214.8025pt x 133.49875pt>
File: graphics/projection.jpg Graphic file (type jpg)

<use graphics/projection.jpg>
Package pdftex.def Info: graphics/projection.jpg used on input line 164.
(pdftex.def)             Requested size: 150.36072pt x 93.44847pt.
File: newTACClogo_whitestroke_cropped.pdf Graphic file (type pdf)
 <use newTACClogo_whitestroke_cropped.pdf>
Package pdftex.def Info: newTACClogo_whitestroke_cropped.pdf used on input line
 164.
(pdftex.def)             Requested size: 51.52324pt x 13.29103pt.

[32

 <./graphics/projection.jpg>]
File: newTACClogo_whitestroke_cropped.pdf Graphic file (type pdf)
 <use newTACClogo_whitestroke_cropped.pdf>
Package pdftex.def Info: newTACClogo_whitestroke_cropped.pdf used on input line
 183.
(pdftex.def)             Requested size: 51.52324pt x 13.29103pt.

[33

]
File: newTACClogo_whitestroke_cropped.pdf Graphic file (type pdf)
 <use newTACClogo_whitestroke_cropped.pdf>
Package pdftex.def Info: newTACClogo_whitestroke_cropped.pdf used on input line
 196.
(pdftex.def)             Requested size: 51.52324pt x 13.29103pt.
 [34

]
File: newTACClogo_whitestroke_cropped.pdf Graphic file (type pdf)

<use newTACClogo_whitestroke_cropped.pdf>
Package pdftex.def Info: newTACClogo_whitestroke_cropped.pdf used on input line
 207.
(pdftex.def)             Requested size: 51.52324pt x 13.29103pt.
 [35

] (./pcg.tex)
Overfull \vbox (25.64066pt too high) detected at line 212
 []

File: newTACClogo_whitestroke_cropped.pdf Graphic file (type pdf)
<use newTACClogo_whitestroke_cropped.pdf>
Package pdftex.def Info: newTACClogo_whitestroke_cropped.pdf used on input line
 212.
(pdftex.def)             Requested size: 51.52324pt x 13.29103pt.
 [36

]
File: newTACClogo_whitestroke_cropped.pdf Graphic file (type pdf)

<use newTACClogo_whitestroke_cropped.pdf>
Package pdftex.def Info: newTACClogo_whitestroke_cropped.pdf used on input line
 222.
(pdftex.def)             Requested size: 51.52324pt x 13.29103pt.
 [37

]
File: newTACClogo_whitestroke_cropped.pdf Graphic file (type pdf)

<use newTACClogo_whitestroke_cropped.pdf>
Package pdftex.def Info: newTACClogo_whitestroke_cropped.pdf used on input line
 234.
(pdftex.def)             Requested size: 51.52324pt x 13.29103pt.
 [38

]
File: newTACClogo_whitestroke_cropped.pdf Graphic file (type pdf)

<use newTACClogo_whitestroke_cropped.pdf>
Package pdftex.def Info: newTACClogo_whitestroke_cropped.pdf used on input line
 252.
(pdftex.def)             Requested size: 51.52324pt x 13.29103pt.
 [39

]
Overfull \hbox (6.09836pt too wide) detected at line 268
[]
 []

File: newTACClogo_whitestroke_cropped.pdf Graphic file (type pdf)
<use newTACClogo_whitestroke_cropped.pdf>
Package pdftex.def Info: newTACClogo_whitestroke_cropped.pdf used on input line
 268.
(pdftex.def)             Requested size: 51.52324pt x 13.29103pt.
 [40

])
File: newTACClogo_whitestroke_cropped.pdf Graphic file (type pdf)

<use newTACClogo_whitestroke_cropped.pdf>
Package pdftex.def Info: newTACClogo_whitestroke_cropped.pdf used on input line
 269.
(pdftex.def)             Requested size: 51.52324pt x 13.29103pt.
 [41

]
<graphics/crs.jpg, id=307, 3644.61626pt x 1238.6275pt>
File: graphics/crs.jpg Graphic file (type jpg)
 <use graphics/crs.jpg>
Package pdftex.def Info: graphics/crs.jpg used on input line 280.
(pdftex.def)             Requested size: 291.57526pt x 99.09222pt.
File: newTACClogo_whitestroke_cropped.pdf Graphic file (type pdf)

<use newTACClogo_whitestroke_cropped.pdf>
Package pdftex.def Info: newTACClogo_whitestroke_cropped.pdf used on input line
 280.
(pdftex.def)             Requested size: 51.52324pt x 13.29103pt.
 [42

 <./graphics/crs.jpg>]
Overfull \hbox (16.1413pt too wide) in paragraph at lines 307--307
 [] 
 []

File: newTACClogo_whitestroke_cropped.pdf Graphic file (type pdf)
<use newTACClogo_whitestroke_cropped.pdf>
Package pdftex.def Info: newTACClogo_whitestroke_cropped.pdf used on input line
 307.
(pdftex.def)             Requested size: 51.52324pt x 13.29103pt.
 [43

]
File: newTACClogo_whitestroke_cropped.pdf Graphic file (type pdf)

<use newTACClogo_whitestroke_cropped.pdf>
Package pdftex.def Info: newTACClogo_whitestroke_cropped.pdf used on input line
 326.
(pdftex.def)             Requested size: 51.52324pt x 13.29103pt.
 [44

]
File: newTACClogo_whitestroke_cropped.pdf Graphic file (type pdf)

<use newTACClogo_whitestroke_cropped.pdf>
Package pdftex.def Info: newTACClogo_whitestroke_cropped.pdf used on input line
 345.
(pdftex.def)             Requested size: 51.52324pt x 13.29103pt.
 [45

]
File: newTACClogo_whitestroke_cropped.pdf Graphic file (type pdf)

<use newTACClogo_whitestroke_cropped.pdf>
Package pdftex.def Info: newTACClogo_whitestroke_cropped.pdf used on input line
 354.
(pdftex.def)             Requested size: 51.52324pt x 13.29103pt.
 [46

]
<graphics/distmvp.jpg, id=335, 414.54875pt x 216.81pt>
File: graphics/distmvp.jpg Graphic file (type jpg)

<use graphics/distmvp.jpg>
Package pdftex.def Info: graphics/distmvp.jpg used on input line 367.
(pdftex.def)             Requested size: 248.73116pt x 130.08699pt.
File: newTACClogo_whitestroke_cropped.pdf Graphic file (type pdf)
 <use newTACClogo_whitestroke_cropped.pdf>
Package pdftex.def Info: newTACClogo_whitestroke_cropped.pdf used on input line
 367.
(pdftex.def)             Requested size: 51.52324pt x 13.29103pt.
 [47

 <./graphics/distmvp.jpg>]
<graphics/laplaceparallel.jpeg, id=341, 2098.84125pt x 1803.73875pt>
File: graphics/laplaceparallel.jpeg Graphic file (type jpg)

<use graphics/laplaceparallel.jpeg>
Package pdftex.def Info: graphics/laplaceparallel.jpeg used on input line 374.
(pdftex.def)             Requested size: 209.89642pt x 180.38445pt.
File: newTACClogo_whitestroke_cropped.pdf Graphic file (type pdf)
 <use newTACClogo_whitestroke_cropped.pdf>
Package pdftex.def Info: newTACClogo_whitestroke_cropped.pdf used on input line
 374.
(pdftex.def)             Requested size: 51.52324pt x 13.29103pt.

[48

 <./graphics/laplaceparallel.jpeg>]
<graphics/ghost.jpg, id=347, 182.6825pt x 126.4725pt>
File: graphics/ghost.jpg Graphic file (type jpg)
 <use graphics/ghost.jpg>
Package pdftex.def Info: graphics/ghost.jpg used on input line 382.
(pdftex.def)             Requested size: 127.87686pt x 88.53014pt.
File: newTACClogo_whitestroke_cropped.pdf Graphic file (type pdf)

<use newTACClogo_whitestroke_cropped.pdf>
Package pdftex.def Info: newTACClogo_whitestroke_cropped.pdf used on input line
 382.
(pdftex.def)             Requested size: 51.52324pt x 13.29103pt.
 [49

 <./graphics/ghost.jpg>]
File: newTACClogo_whitestroke_cropped.pdf Graphic file (type pdf)

<use newTACClogo_whitestroke_cropped.pdf>
Package pdftex.def Info: newTACClogo_whitestroke_cropped.pdf used on input line
 386.
(pdftex.def)             Requested size: 51.52324pt x 13.29103pt.
 [50

]
File: newTACClogo_whitestroke_cropped.pdf Graphic file (type pdf)

<use newTACClogo_whitestroke_cropped.pdf>
Package pdftex.def Info: newTACClogo_whitestroke_cropped.pdf used on input line
 389.
(pdftex.def)             Requested size: 51.52324pt x 13.29103pt.
 [51

]
File: newTACClogo_whitestroke_cropped.pdf Graphic file (type pdf)

<use newTACClogo_whitestroke_cropped.pdf>
Package pdftex.def Info: newTACClogo_whitestroke_cropped.pdf used on input line
 391.
(pdftex.def)             Requested size: 51.52324pt x 13.29103pt.
 [52

]
File: newTACClogo_whitestroke_cropped.pdf Graphic file (type pdf)

<use newTACClogo_whitestroke_cropped.pdf>
Package pdftex.def Info: newTACClogo_whitestroke_cropped.pdf used on input line
 399.
(pdftex.def)             Requested size: 51.52324pt x 13.29103pt.
 [53

]
<graphics/domdecomp.jpg, id=374, 2471.2325pt x 2018.54124pt>
File: graphics/domdecomp.jpg Graphic file (type jpg)

<use graphics/domdecomp.jpg>
Package pdftex.def Info: graphics/domdecomp.jpg used on input line 403.
(pdftex.def)             Requested size: 247.13773pt x 201.86595pt.
File: newTACClogo_whitestroke_cropped.pdf Graphic file (type pdf)
 <use newTACClogo_whitestroke_cropped.pdf>
Package pdftex.def Info: newTACClogo_whitestroke_cropped.pdf used on input line
 403.
(pdftex.def)             Requested size: 51.52324pt x 13.29103pt.
 [54

 <./graphics/domdecomp.jpg>]
Overfull \hbox (14.06763pt too wide) detected at line 439
[] [][]
 []

File: newTACClogo_whitestroke_cropped.pdf Graphic file (type pdf)
<use newTACClogo_whitestroke_cropped.pdf>
Package pdftex.def Info: newTACClogo_whitestroke_cropped.pdf used on input line
 439.
(pdftex.def)             Requested size: 51.52324pt x 13.29103pt.
 [55

]
File: newTACClogo_whitestroke_cropped.pdf Graphic file (type pdf)

<use newTACClogo_whitestroke_cropped.pdf>
Package pdftex.def Info: newTACClogo_whitestroke_cropped.pdf used on input line
 465.
(pdftex.def)             Requested size: 51.52324pt x 13.29103pt.
 [56

]
<graphics/ijk-eliminate.jpg, id=392, 2283.53125pt x 730.73pt>
File: graphics/ijk-eliminate.jpg Graphic file (type jpg)

<use graphics/ijk-eliminate.jpg>
Package pdftex.def Info: graphics/ijk-eliminate.jpg used on input line 476.
(pdftex.def)             Requested size: 274.01193pt x 87.6838pt.
File: newTACClogo_whitestroke_cropped.pdf Graphic file (type pdf)
 <use newTACClogo_whitestroke_cropped.pdf>
Package pdftex.def Info: newTACClogo_whitestroke_cropped.pdf used on input line
 476.
(pdftex.def)             Requested size: 51.52324pt x 13.29103pt.

[57

 <./graphics/ijk-eliminate.jpg>]
File: graphics/domdecomp.jpg Graphic file (type jpg)
 <use graphics/domdecomp.jpg>
Package pdftex.def Info: graphics/domdecomp.jpg used on input line 476.
(pdftex.def)             Requested size: 197.70264pt x 161.4866pt.
File: newTACClogo_whitestroke_cropped.pdf Graphic file (type pdf)

<use newTACClogo_whitestroke_cropped.pdf>
Package pdftex.def Info: newTACClogo_whitestroke_cropped.pdf used on input line
 476.
(pdftex.def)             Requested size: 51.52324pt x 13.29103pt.
 [58

]
File: graphics/ijk-eliminate.jpg Graphic file (type jpg)

<use graphics/ijk-eliminate.jpg>
Package pdftex.def Info: graphics/ijk-eliminate.jpg used on input line 476.
(pdftex.def)             Requested size: 274.01193pt x 87.6838pt.
File: newTACClogo_whitestroke_cropped.pdf Graphic file (type pdf)
 <use newTACClogo_whitestroke_cropped.pdf>
Package pdftex.def Info: newTACClogo_whitestroke_cropped.pdf used on input line
 476.
(pdftex.def)             Requested size: 51.52324pt x 13.29103pt.

[59

] <graphics/domdecomp2.jpg, id=408, 2902.845pt x 1685.29625pt>
File: graphics/domdecomp2.jpg Graphic file (type jpg)

<use graphics/domdecomp2.jpg>
Package pdftex.def Info: graphics/domdecomp2.jpg used on input line 486.
(pdftex.def)             Requested size: 319.31393pt x 185.38316pt.

Overfull \hbox (55.82417pt too wide) in paragraph at lines 486--486
[]  
 []


Overfull \vbox (11.97763pt too high) detected at line 486
 []

File: newTACClogo_whitestroke_cropped.pdf Graphic file (type pdf)
<use newTACClogo_whitestroke_cropped.pdf>
Package pdftex.def Info: newTACClogo_whitestroke_cropped.pdf used on input line
 486.
(pdftex.def)             Requested size: 51.52324pt x 13.29103pt.
 [60

 <./graphics/domdecomp2.jpg>]
File: newTACClogo_whitestroke_cropped.pdf Graphic file (type pdf)

<use newTACClogo_whitestroke_cropped.pdf>
Package pdftex.def Info: newTACClogo_whitestroke_cropped.pdf used on input line
 501.
(pdftex.def)             Requested size: 51.52324pt x 13.29103pt.
 [61

]
<graphics/nesteddis.png, id=421, 36.135pt x 36.135pt>
File: graphics/nesteddis.png Graphic file (type png)

<use graphics/nesteddis.png>
Package pdftex.def Info: graphics/nesteddis.png used on input line 505.
(pdftex.def)             Requested size: 90.33722pt x 90.33722pt.
File: newTACClogo_whitestroke_cropped.pdf Graphic file (type pdf)
 <use newTACClogo_whitestroke_cropped.pdf>
Package pdftex.def Info: newTACClogo_whitestroke_cropped.pdf used on input line
 505.
(pdftex.def)             Requested size: 51.52324pt x 13.29103pt.
 [62

 <./graphics/nesteddis.png>]
File: newTACClogo_whitestroke_cropped.pdf Graphic file (type pdf)
 <use newTACClogo_whitestroke_cropped.pdf>
Package pdftex.def Info: newTACClogo_whitestroke_cropped.pdf used on input line
 516.
(pdftex.def)             Requested size: 51.52324pt x 13.29103pt.
 [63

]
File: newTACClogo_whitestroke_cropped.pdf Graphic file (type pdf)

<use newTACClogo_whitestroke_cropped.pdf>
Package pdftex.def Info: newTACClogo_whitestroke_cropped.pdf used on input line
 533.
(pdftex.def)             Requested size: 51.52324pt x 13.29103pt.
 [64

]
File: newTACClogo_whitestroke_cropped.pdf Graphic file (type pdf)

<use newTACClogo_whitestroke_cropped.pdf>
Package pdftex.def Info: newTACClogo_whitestroke_cropped.pdf used on input line
 535.
(pdftex.def)             Requested size: 51.52324pt x 13.29103pt.
 [65

]
File: newTACClogo_whitestroke_cropped.pdf Graphic file (type pdf)

<use newTACClogo_whitestroke_cropped.pdf>
Package pdftex.def Info: newTACClogo_whitestroke_cropped.pdf used on input line
 548.
(pdftex.def)             Requested size: 51.52324pt x 13.29103pt.
 [66

]
File: newTACClogo_whitestroke_cropped.pdf Graphic file (type pdf)

<use newTACClogo_whitestroke_cropped.pdf>
Package pdftex.def Info: newTACClogo_whitestroke_cropped.pdf used on input line
 564.
(pdftex.def)             Requested size: 51.52324pt x 13.29103pt.
 [67

]
Overfull \hbox (37.6314pt too wide) in paragraph at lines 571--571
[]    \OT1/cmtt/m/n/10.95 x[i] = (y[i] - sum over j=myfirstrow..i-1 ell[i,j]*x[
j])[] 
 []

File: newTACClogo_whitestroke_cropped.pdf Graphic file (type pdf)
<use newTACClogo_whitestroke_cropped.pdf>
Package pdftex.def Info: newTACClogo_whitestroke_cropped.pdf used on input line
 573.
(pdftex.def)             Requested size: 51.52324pt x 13.29103pt.
 [68

]
<graphics/block-jacobipdf.pdf, id=458, 2559.5625pt x 945.5325pt>
File: graphics/block-jacobipdf.pdf Graphic file (type pdf)

<use graphics/block-jacobipdf.pdf>
Package pdftex.def Info: graphics/block-jacobipdf.pdf used on input line 582.
(pdftex.def)             Requested size: 307.13425pt x 113.459pt.
File: newTACClogo_whitestroke_cropped.pdf Graphic file (type pdf)
 <use newTACClogo_whitestroke_cropped.pdf>
Package pdftex.def Info: newTACClogo_whitestroke_cropped.pdf used on input line
 582.
(pdftex.def)             Requested size: 51.52324pt x 13.29103pt.

[69

 <./graphics/block-jacobipdf.pdf>]
<graphics/pilu.jpeg, id=474, 3010.24625pt x 1567.8575pt>
File: graphics/pilu.jpeg Graphic file (type jpg)

<use graphics/pilu.jpeg>
Package pdftex.def Info: graphics/pilu.jpeg used on input line 586.
(pdftex.def)             Requested size: 301.04225pt x 156.79494pt.
File: newTACClogo_whitestroke_cropped.pdf Graphic file (type pdf)
 <use newTACClogo_whitestroke_cropped.pdf>
Package pdftex.def Info: newTACClogo_whitestroke_cropped.pdf used on input line
 586.
(pdftex.def)             Requested size: 51.52324pt x 13.29103pt.
 [70

 <./graphics/pilu.jpeg>] <graphics/pilu-solve.jpeg, id=480, 3241.10875pt x 1100
.11pt>
File: graphics/pilu-solve.jpeg Graphic file (type jpg)

<use graphics/pilu-solve.jpeg>
Package pdftex.def Info: graphics/pilu-solve.jpeg used on input line 589.
(pdftex.def)             Requested size: 324.12987pt x 110.01744pt.

Overfull \hbox (16.84pt too wide) in paragraph at lines 589--589
[][]  
 []

File: newTACClogo_whitestroke_cropped.pdf Graphic file (type pdf)
<use newTACClogo_whitestroke_cropped.pdf>
Package pdftex.def Info: newTACClogo_whitestroke_cropped.pdf used on input line
 589.
(pdftex.def)             Requested size: 51.52324pt x 13.29103pt.
 [71

 <./graphics/pilu-solve.jpeg>]
\tf@nav=\write7
\openout7 = `hpc.nav'.

\tf@toc=\write8
\openout8 = `hpc.toc'.

\tf@snm=\write9
\openout9 = `hpc.snm'.

Package atveryend Info: Empty hook `BeforeClearDocument' on input line 591.
Package atveryend Info: Empty hook `AfterLastShipout' on input line 591.

(./hpc.aux)
Package atveryend Info: Executing hook `AtVeryEndDocument' on input line 591.
Package atveryend Info: Executing hook `AtEndAfterFileList' on input line 591.
Package rerunfilecheck Info: File `hpc.out' has not changed.
(rerunfilecheck)             Checksum: 105A228B8D023A7825DA24DFF3208123;309.


LaTeX Font Warning: Size substitutions with differences
(Font)              up to 1.0pt have occurred.


LaTeX Font Warning: Some font shapes were not available, defaults substituted.

Package atveryend Info: Empty hook `AtVeryVeryEnd' on input line 591.
 ) 
Here is how much of TeX's memory you used:
 17375 strings out of 494763
 313823 string characters out of 3171442
 427610 words of memory out of 3000000
 20011 multiletter control sequences out of 15000+200000
 21003 words of font info for 78 fonts, out of 3000000 for 9000
 134 hyphenation exceptions out of 8191
 49i,18n,53p,388b,469s stack positions out of 5000i,500n,10000p,200000b,50000s
</opt/local/share/texmf-texlive-dist/fonts/type1/public/amsfonts/cm/cmex10.pf
b></opt/local/share/texmf-texlive-dist/fonts/type1/public/amsfonts/cm/cmmi10.pf
b></opt/local/share/texmf-texlive-dist/fonts/type1/public/amsfonts/cm/cmmi8.pfb
></opt/local/share/texmf-texlive-dist/fonts/type1/public/amsfonts/cm/cmmi9.pfb>
</opt/local/share/texmf-texlive-dist/fonts/type1/public/amsfonts/cm/cmr10.pfb><
/opt/local/share/texmf-texlive-dist/fonts/type1/public/amsfonts/cm/cmr8.pfb></o
pt/local/share/texmf-texlive-dist/fonts/type1/public/amsfonts/cm/cmss10.pfb></o
pt/local/share/texmf-texlive-dist/fonts/type1/public/amsfonts/cm/cmss12.pfb></o
pt/local/share/texmf-texlive-dist/fonts/type1/public/amsfonts/cm/cmss8.pfb></op
t/local/share/texmf-texlive-dist/fonts/type1/public/amsfonts/cm/cmss9.pfb></opt
/local/share/texmf-texlive-dist/fonts/type1/public/amsfonts/cm/cmssbx10.pfb></o
pt/local/share/texmf-texlive-dist/fonts/type1/public/amsfonts/cm/cmssi10.pfb></
opt/local/share/texmf-texlive-dist/fonts/type1/public/amsfonts/cm/cmssi17.pfb><
/opt/local/share/texmf-texlive-dist/fonts/type1/public/amsfonts/cm/cmssi8.pfb><
/opt/local/share/texmf-texlive-dist/fonts/type1/public/amsfonts/cm/cmssi9.pfb><
/opt/local/share/texmf-texlive-dist/fonts/type1/public/amsfonts/cm/cmsy10.pfb><
/opt/local/share/texmf-texlive-dist/fonts/type1/public/amsfonts/cm/cmsy6.pfb></
opt/local/share/texmf-texlive-dist/fonts/type1/public/amsfonts/cm/cmsy7.pfb></o
pt/local/share/texmf-texlive-dist/fonts/type1/public/amsfonts/cm/cmsy8.pfb></op
t/local/share/texmf-texlive-dist/fonts/type1/public/amsfonts/cm/cmsy9.pfb></opt
/local/share/texmf-texlive-dist/fonts/type1/public/amsfonts/cm/cmtt10.pfb>
Output written on hpc.pdf (71 pages, 4407461 bytes).
PDF statistics:
 589 PDF objects out of 1000 (max. 8388607)
 439 compressed objects within 5 object streams
 151 named destinations out of 1000 (max. 500000)
 168 words of extra memory for PDF output out of 10000 (max. 10000000)

